Analysis & Synthesis report for UART_controller
Fri Sep 08 08:52:54 2023
Quartus Prime Version 20.1.1 Build 720 11/11/2020 SJ Lite Edition


---------------------
; Table of Contents ;
---------------------
  1. Legal Notice
  2. Analysis & Synthesis Summary
  3. Analysis & Synthesis Settings
  4. Parallel Compilation
  5. Analysis & Synthesis Source Files Read
  6. Analysis & Synthesis Resource Usage Summary
  7. Analysis & Synthesis Resource Utilization by Entity
  8. Analysis & Synthesis RAM Summary
  9. Analysis & Synthesis IP Cores Summary
 10. State Machine - |UART_controller|UART_TX:UartTx|state
 11. State Machine - |UART_controller|UART_RX:UartRX|set_state
 12. State Machine - |UART_controller|UART_RX:UartRX|state
 13. Registers Removed During Synthesis
 14. General Register Statistics
 15. Multiplexer Restructuring Statistics (Restructuring Performed)
 16. Source assignments for RAM:Ram|altsyncram:altsyncram_component|altsyncram_g3p3:auto_generated
 17. Parameter Settings for User Entity Instance: UART_RX:UartRX
 18. Parameter Settings for User Entity Instance: RAM:Ram|altsyncram:altsyncram_component
 19. Parameter Settings for User Entity Instance: UART_TX:UartTx
 20. altsyncram Parameter Settings by Entity Instance
 21. Port Connectivity Checks: "UART_TX:UartTx"
 22. Port Connectivity Checks: "UART_RX:UartRX"
 23. Post-Synthesis Netlist Statistics for Top Partition
 24. Elapsed Time Per Partition
 25. Analysis & Synthesis Messages



----------------
; Legal Notice ;
----------------
Copyright (C) 2020  Intel Corporation. All rights reserved.
Your use of Intel Corporation's design tools, logic functions 
and other software and tools, and any partner logic 
functions, and any output files from any of the foregoing 
(including device programming or simulation files), and any 
associated documentation or information are expressly subject 
to the terms and conditions of the Intel Program License 
Subscription Agreement, the Intel Quartus Prime License Agreement,
the Intel FPGA IP License Agreement, or other applicable license
agreement, including, without limitation, that your use is for
the sole purpose of programming logic devices manufactured by
Intel and sold by Intel or its authorized distributors.  Please
refer to the applicable agreement for further details, at
https://fpgasoftware.intel.com/eula.



+----------------------------------------------------------------------------------+
; Analysis & Synthesis Summary                                                     ;
+------------------------------------+---------------------------------------------+
; Analysis & Synthesis Status        ; Successful - Fri Sep 08 08:52:54 2023       ;
; Quartus Prime Version              ; 20.1.1 Build 720 11/11/2020 SJ Lite Edition ;
; Revision Name                      ; UART_controller                             ;
; Top-level Entity Name              ; UART_controller                             ;
; Family                             ; MAX 10                                      ;
; Total logic elements               ; 109                                         ;
;     Total combinational functions  ; 90                                          ;
;     Dedicated logic registers      ; 54                                          ;
; Total registers                    ; 54                                          ;
; Total pins                         ; 12                                          ;
; Total virtual pins                 ; 0                                           ;
; Total memory bits                  ; 64                                          ;
; Embedded Multiplier 9-bit elements ; 0                                           ;
; Total PLLs                         ; 0                                           ;
; UFM blocks                         ; 0                                           ;
; ADC blocks                         ; 0                                           ;
+------------------------------------+---------------------------------------------+


+------------------------------------------------------------------------------------------------------------+
; Analysis & Synthesis Settings                                                                              ;
+------------------------------------------------------------------+--------------------+--------------------+
; Option                                                           ; Setting            ; Default Value      ;
+------------------------------------------------------------------+--------------------+--------------------+
; Device                                                           ; 10M50DAF484C7G     ;                    ;
; Top-level entity name                                            ; UART_controller    ; UART_controller    ;
; Family name                                                      ; MAX 10             ; Cyclone V          ;
; Use smart compilation                                            ; Off                ; Off                ;
; Enable parallel Assembler and Timing Analyzer during compilation ; On                 ; On                 ;
; Enable compact report table                                      ; Off                ; Off                ;
; Restructure Multiplexers                                         ; Auto               ; Auto               ;
; Create Debugging Nodes for IP Cores                              ; Off                ; Off                ;
; Preserve fewer node names                                        ; On                 ; On                 ;
; Intel FPGA IP Evaluation Mode                                    ; Enable             ; Enable             ;
; Verilog Version                                                  ; Verilog_2001       ; Verilog_2001       ;
; VHDL Version                                                     ; VHDL_1993          ; VHDL_1993          ;
; State Machine Processing                                         ; Auto               ; Auto               ;
; Safe State Machine                                               ; Off                ; Off                ;
; Extract Verilog State Machines                                   ; On                 ; On                 ;
; Extract VHDL State Machines                                      ; On                 ; On                 ;
; Ignore Verilog initial constructs                                ; Off                ; Off                ;
; Iteration limit for constant Verilog loops                       ; 5000               ; 5000               ;
; Iteration limit for non-constant Verilog loops                   ; 250                ; 250                ;
; Add Pass-Through Logic to Inferred RAMs                          ; On                 ; On                 ;
; Infer RAMs from Raw Logic                                        ; On                 ; On                 ;
; Parallel Synthesis                                               ; On                 ; On                 ;
; DSP Block Balancing                                              ; Auto               ; Auto               ;
; NOT Gate Push-Back                                               ; On                 ; On                 ;
; Power-Up Don't Care                                              ; On                 ; On                 ;
; Remove Redundant Logic Cells                                     ; Off                ; Off                ;
; Remove Duplicate Registers                                       ; On                 ; On                 ;
; Ignore CARRY Buffers                                             ; Off                ; Off                ;
; Ignore CASCADE Buffers                                           ; Off                ; Off                ;
; Ignore GLOBAL Buffers                                            ; Off                ; Off                ;
; Ignore ROW GLOBAL Buffers                                        ; Off                ; Off                ;
; Ignore LCELL Buffers                                             ; Off                ; Off                ;
; Ignore SOFT Buffers                                              ; On                 ; On                 ;
; Limit AHDL Integers to 32 Bits                                   ; Off                ; Off                ;
; Optimization Technique                                           ; Balanced           ; Balanced           ;
; Carry Chain Length                                               ; 70                 ; 70                 ;
; Auto Carry Chains                                                ; On                 ; On                 ;
; Auto Open-Drain Pins                                             ; On                 ; On                 ;
; Perform WYSIWYG Primitive Resynthesis                            ; Off                ; Off                ;
; Auto ROM Replacement                                             ; On                 ; On                 ;
; Auto RAM Replacement                                             ; On                 ; On                 ;
; Auto DSP Block Replacement                                       ; On                 ; On                 ;
; Auto Shift Register Replacement                                  ; Auto               ; Auto               ;
; Allow Shift Register Merging across Hierarchies                  ; Auto               ; Auto               ;
; Auto Clock Enable Replacement                                    ; On                 ; On                 ;
; Strict RAM Replacement                                           ; Off                ; Off                ;
; Allow Synchronous Control Signals                                ; On                 ; On                 ;
; Force Use of Synchronous Clear Signals                           ; Off                ; Off                ;
; Auto RAM Block Balancing                                         ; On                 ; On                 ;
; Auto RAM to Logic Cell Conversion                                ; Off                ; Off                ;
; Auto Resource Sharing                                            ; Off                ; Off                ;
; Allow Any RAM Size For Recognition                               ; Off                ; Off                ;
; Allow Any ROM Size For Recognition                               ; Off                ; Off                ;
; Allow Any Shift Register Size For Recognition                    ; Off                ; Off                ;
; Use LogicLock Constraints during Resource Balancing              ; On                 ; On                 ;
; Ignore translate_off and synthesis_off directives                ; Off                ; Off                ;
; Timing-Driven Synthesis                                          ; On                 ; On                 ;
; Report Parameter Settings                                        ; On                 ; On                 ;
; Report Source Assignments                                        ; On                 ; On                 ;
; Report Connectivity Checks                                       ; On                 ; On                 ;
; Ignore Maximum Fan-Out Assignments                               ; Off                ; Off                ;
; Synchronization Register Chain Length                            ; 2                  ; 2                  ;
; Power Optimization During Synthesis                              ; Normal compilation ; Normal compilation ;
; HDL message level                                                ; Level2             ; Level2             ;
; Suppress Register Optimization Related Messages                  ; Off                ; Off                ;
; Number of Removed Registers Reported in Synthesis Report         ; 5000               ; 5000               ;
; Number of Swept Nodes Reported in Synthesis Report               ; 5000               ; 5000               ;
; Number of Inverted Registers Reported in Synthesis Report        ; 100                ; 100                ;
; Clock MUX Protection                                             ; On                 ; On                 ;
; Auto Gated Clock Conversion                                      ; Off                ; Off                ;
; Block Design Naming                                              ; Auto               ; Auto               ;
; SDC constraint protection                                        ; Off                ; Off                ;
; Synthesis Effort                                                 ; Auto               ; Auto               ;
; Shift Register Replacement - Allow Asynchronous Clear Signal     ; On                 ; On                 ;
; Pre-Mapping Resynthesis Optimization                             ; Off                ; Off                ;
; Analysis & Synthesis Message Level                               ; Medium             ; Medium             ;
; Disable Register Merging Across Hierarchies                      ; Auto               ; Auto               ;
; Resource Aware Inference For Block RAM                           ; On                 ; On                 ;
+------------------------------------------------------------------+--------------------+--------------------+


+------------------------------------------+
; Parallel Compilation                     ;
+----------------------------+-------------+
; Processors                 ; Number      ;
+----------------------------+-------------+
; Number detected on machine ; 8           ;
; Maximum allowed            ; 4           ;
;                            ;             ;
; Average used               ; 1.00        ;
; Maximum used               ; 4           ;
;                            ;             ;
; Usage by Processor         ; % Time Used ;
;     Processor 1            ; 100.0%      ;
;     Processors 2-4         ;   0.0%      ;
+----------------------------+-------------+


+---------------------------------------------------------------------------------------------------------------------------------------------------------------------------------------+
; Analysis & Synthesis Source Files Read                                                                                                                                                ;
+----------------------------------+-----------------+------------------------------+-----------------------------------------------------------------------------------------+---------+
; File Name with User-Entered Path ; Used in Netlist ; File Type                    ; File Name with Absolute Path                                                            ; Library ;
+----------------------------------+-----------------+------------------------------+-----------------------------------------------------------------------------------------+---------+
; UART_TX.vhd                      ; yes             ; User VHDL File               ; D:/all/3rdyear/term1/High level Design/VHDL_Code/UART_controller/UART_TX.vhd            ;         ;
; UART_RX.vhd                      ; yes             ; User VHDL File               ; D:/all/3rdyear/term1/High level Design/VHDL_Code/UART_controller/UART_RX.vhd            ;         ;
; UART_controller.vhd              ; yes             ; User VHDL File               ; D:/all/3rdyear/term1/High level Design/VHDL_Code/UART_controller/UART_controller.vhd    ;         ;
; RAM.vhd                          ; yes             ; User Wizard-Generated File   ; D:/all/3rdyear/term1/High level Design/VHDL_Code/UART_controller/RAM.vhd                ;         ;
; altsyncram.tdf                   ; yes             ; Megafunction                 ; d:/intelfpga_lite/20.1/quartus/libraries/megafunctions/altsyncram.tdf                   ;         ;
; stratix_ram_block.inc            ; yes             ; Megafunction                 ; d:/intelfpga_lite/20.1/quartus/libraries/megafunctions/stratix_ram_block.inc            ;         ;
; lpm_mux.inc                      ; yes             ; Megafunction                 ; d:/intelfpga_lite/20.1/quartus/libraries/megafunctions/lpm_mux.inc                      ;         ;
; lpm_decode.inc                   ; yes             ; Megafunction                 ; d:/intelfpga_lite/20.1/quartus/libraries/megafunctions/lpm_decode.inc                   ;         ;
; aglobal201.inc                   ; yes             ; Megafunction                 ; d:/intelfpga_lite/20.1/quartus/libraries/megafunctions/aglobal201.inc                   ;         ;
; a_rdenreg.inc                    ; yes             ; Megafunction                 ; d:/intelfpga_lite/20.1/quartus/libraries/megafunctions/a_rdenreg.inc                    ;         ;
; altrom.inc                       ; yes             ; Megafunction                 ; d:/intelfpga_lite/20.1/quartus/libraries/megafunctions/altrom.inc                       ;         ;
; altram.inc                       ; yes             ; Megafunction                 ; d:/intelfpga_lite/20.1/quartus/libraries/megafunctions/altram.inc                       ;         ;
; altdpram.inc                     ; yes             ; Megafunction                 ; d:/intelfpga_lite/20.1/quartus/libraries/megafunctions/altdpram.inc                     ;         ;
; db/altsyncram_g3p3.tdf           ; yes             ; Auto-Generated Megafunction  ; D:/all/3rdyear/term1/High level Design/VHDL_Code/UART_controller/db/altsyncram_g3p3.tdf ;         ;
+----------------------------------+-----------------+------------------------------+-----------------------------------------------------------------------------------------+---------+


+-----------------------------------------------------------+
; Analysis & Synthesis Resource Usage Summary               ;
+---------------------------------------------+-------------+
; Resource                                    ; Usage       ;
+---------------------------------------------+-------------+
; Estimated Total logic elements              ; 109         ;
;                                             ;             ;
; Total combinational functions               ; 90          ;
; Logic element usage by number of LUT inputs ;             ;
;     -- 4 input functions                    ; 57          ;
;     -- 3 input functions                    ; 21          ;
;     -- <=2 input functions                  ; 12          ;
;                                             ;             ;
; Logic elements by mode                      ;             ;
;     -- normal mode                          ; 86          ;
;     -- arithmetic mode                      ; 4           ;
;                                             ;             ;
; Total registers                             ; 54          ;
;     -- Dedicated logic registers            ; 54          ;
;     -- I/O registers                        ; 0           ;
;                                             ;             ;
; I/O pins                                    ; 12          ;
; Total memory bits                           ; 64          ;
;                                             ;             ;
; Embedded Multiplier 9-bit elements          ; 0           ;
;                                             ;             ;
; Maximum fan-out node                        ; Clk_i~input ;
; Maximum fan-out                             ; 62          ;
; Total fan-out                               ; 527         ;
; Average fan-out                             ; 2.99        ;
+---------------------------------------------+-------------+


+---------------------------------------------------------------------------------------------------------------------------------------------------------------------------------------------------------------------------------------------------------------------------------------------------------------------------+
; Analysis & Synthesis Resource Utilization by Entity                                                                                                                                                                                                                                                                       ;
+-------------------------------------------+---------------------+---------------------------+-------------+------------+--------------+---------+-----------+------+--------------+------------+-----------------------------------------------------------------------------------------+-----------------+--------------+
; Compilation Hierarchy Node                ; Combinational ALUTs ; Dedicated Logic Registers ; Memory Bits ; UFM Blocks ; DSP Elements ; DSP 9x9 ; DSP 18x18 ; Pins ; Virtual Pins ; ADC blocks ; Full Hierarchy Name                                                                     ; Entity Name     ; Library Name ;
+-------------------------------------------+---------------------+---------------------------+-------------+------------+--------------+---------+-----------+------+--------------+------------+-----------------------------------------------------------------------------------------+-----------------+--------------+
; |UART_controller                          ; 90 (1)              ; 54 (0)                    ; 64          ; 0          ; 0            ; 0       ; 0         ; 12   ; 0            ; 0          ; |UART_controller                                                                        ; UART_controller ; work         ;
;    |RAM:Ram|                              ; 0 (0)               ; 0 (0)                     ; 64          ; 0          ; 0            ; 0       ; 0         ; 0    ; 0            ; 0          ; |UART_controller|RAM:Ram                                                                ; RAM             ; work         ;
;       |altsyncram:altsyncram_component|   ; 0 (0)               ; 0 (0)                     ; 64          ; 0          ; 0            ; 0       ; 0         ; 0    ; 0            ; 0          ; |UART_controller|RAM:Ram|altsyncram:altsyncram_component                                ; altsyncram      ; work         ;
;          |altsyncram_g3p3:auto_generated| ; 0 (0)               ; 0 (0)                     ; 64          ; 0          ; 0            ; 0       ; 0         ; 0    ; 0            ; 0          ; |UART_controller|RAM:Ram|altsyncram:altsyncram_component|altsyncram_g3p3:auto_generated ; altsyncram_g3p3 ; work         ;
;    |UART_RX:UartRX|                       ; 53 (53)             ; 41 (41)                   ; 0           ; 0          ; 0            ; 0       ; 0         ; 0    ; 0            ; 0          ; |UART_controller|UART_RX:UartRX                                                         ; UART_RX         ; work         ;
;    |UART_TX:UartTx|                       ; 36 (36)             ; 13 (13)                   ; 0           ; 0          ; 0            ; 0       ; 0         ; 0    ; 0            ; 0          ; |UART_controller|UART_TX:UartTx                                                         ; UART_TX         ; work         ;
+-------------------------------------------+---------------------+---------------------------+-------------+------------+--------------+---------+-----------+------+--------------+------------+-----------------------------------------------------------------------------------------+-----------------+--------------+
Note: For table entries with two numbers listed, the numbers in parentheses indicate the number of resources of the given type used by the specific entity alone. The numbers listed outside of parentheses indicate the total resources of the given type used by the specific entity and all of its sub-entities in the hierarchy.


+----------------------------------------------------------------------------------------------------------------------------------------------------------------------------------+
; Analysis & Synthesis RAM Summary                                                                                                                                                 ;
+-----------------------------------------------------------------------------------+------+-------------+--------------+--------------+--------------+--------------+------+------+
; Name                                                                              ; Type ; Mode        ; Port A Depth ; Port A Width ; Port B Depth ; Port B Width ; Size ; MIF  ;
+-----------------------------------------------------------------------------------+------+-------------+--------------+--------------+--------------+--------------+------+------+
; RAM:Ram|altsyncram:altsyncram_component|altsyncram_g3p3:auto_generated|ALTSYNCRAM ; AUTO ; Single Port ; 8            ; 8            ; --           ; --           ; 64   ; None ;
+-----------------------------------------------------------------------------------+------+-------------+--------------+--------------+--------------+--------------+------+------+


+------------------------------------------------------------------------------------------------------------+
; Analysis & Synthesis IP Cores Summary                                                                      ;
+--------+--------------+---------+--------------+--------------+--------------------------+-----------------+
; Vendor ; IP Core Name ; Version ; Release Date ; License Type ; Entity Instance          ; IP Include File ;
+--------+--------------+---------+--------------+--------------+--------------------------+-----------------+
; Altera ; RAM: 1-PORT  ; 20.1    ; N/A          ; N/A          ; |UART_controller|RAM:Ram ; RAM.vhd         ;
+--------+--------------+---------+--------------+--------------+--------------------------+-----------------+


Encoding Type:  One-Hot
+-----------------------------------------------------------------------------------------------------------------------------+
; State Machine - |UART_controller|UART_TX:UartTx|state                                                                       ;
+------------------------------+------------------------------+-----------------+--------------------+------------------------+
; Name                         ; state.WAIT_FOR_SEND_STOP_BIT ; state.COUNT_BIT ; state.SENDING_BITS ; state.SET_FOR_TX_START ;
+------------------------------+------------------------------+-----------------+--------------------+------------------------+
; state.SET_FOR_TX_START       ; 0                            ; 0               ; 0                  ; 0                      ;
; state.SENDING_BITS           ; 0                            ; 0               ; 1                  ; 1                      ;
; state.COUNT_BIT              ; 0                            ; 1               ; 0                  ; 1                      ;
; state.WAIT_FOR_SEND_STOP_BIT ; 1                            ; 0               ; 0                  ; 1                      ;
+------------------------------+------------------------------+-----------------+--------------------+------------------------+


Encoding Type:  One-Hot
+-------------------------------------------------------------------------------------------------------------+
; State Machine - |UART_controller|UART_RX:UartRX|set_state                                                   ;
+-----------------------+--------------------+--------------------+-------------------+-----------------------+
; Name                  ; set_state.get_data ; set_state.get_addr ; set_state.get_cmd ; set_state.check_start ;
+-----------------------+--------------------+--------------------+-------------------+-----------------------+
; set_state.check_start ; 0                  ; 0                  ; 0                 ; 0                     ;
; set_state.get_cmd     ; 0                  ; 0                  ; 1                 ; 1                     ;
; set_state.get_addr    ; 0                  ; 1                  ; 0                 ; 1                     ;
; set_state.get_data    ; 1                  ; 0                  ; 0                 ; 1                     ;
+-----------------------+--------------------+--------------------+-------------------+-----------------------+


Encoding Type:  One-Hot
+------------------------------------------------------------------------------------------------------------------------+
; State Machine - |UART_controller|UART_RX:UartRX|state                                                                  ;
+-------------------------+-------------------------+--------------------+---------------------+-------------------------+
; Name                    ; state.WAIT_FOR_STOP_BIT ; state.RECEIVE_BITS ; state.WAIT_HALF_BIT ; state.WAIT_FOR_RX_START ;
+-------------------------+-------------------------+--------------------+---------------------+-------------------------+
; state.WAIT_FOR_RX_START ; 0                       ; 0                  ; 0                   ; 0                       ;
; state.WAIT_HALF_BIT     ; 0                       ; 0                  ; 1                   ; 1                       ;
; state.RECEIVE_BITS      ; 0                       ; 1                  ; 0                   ; 1                       ;
; state.WAIT_FOR_STOP_BIT ; 1                       ; 0                  ; 0                   ; 1                       ;
+-------------------------+-------------------------+--------------------+---------------------+-------------------------+


+--------------------------------------------------------------------------------+
; Registers Removed During Synthesis                                             ;
+---------------------------------------+----------------------------------------+
; Register name                         ; Reason for Removal                     ;
+---------------------------------------+----------------------------------------+
; UART_RX:UartRX|ramWrEn                ; Merged with UART_RX:UartRX|aclr        ;
; UART_TX:UartTx|baudrate_counter[2]    ; Stuck at GND due to stuck port data_in ;
; Total Number of Removed Registers = 2 ;                                        ;
+---------------------------------------+----------------------------------------+


+------------------------------------------------------+
; General Register Statistics                          ;
+----------------------------------------------+-------+
; Statistic                                    ; Value ;
+----------------------------------------------+-------+
; Total registers                              ; 54    ;
; Number of registers using Synchronous Clear  ; 0     ;
; Number of registers using Synchronous Load   ; 5     ;
; Number of registers using Asynchronous Clear ; 0     ;
; Number of registers using Asynchronous Load  ; 0     ;
; Number of registers using Clock Enable       ; 28    ;
; Number of registers using Preset             ; 0     ;
+----------------------------------------------+-------+


+-------------------------------------------------------------------------------------------------------------------------------------------------------------------+
; Multiplexer Restructuring Statistics (Restructuring Performed)                                                                                                    ;
+--------------------+-----------+---------------+----------------------+------------------------+------------+-----------------------------------------------------+
; Multiplexer Inputs ; Bus Width ; Baseline Area ; Area if Restructured ; Saving if Restructured ; Registered ; Example Multiplexer Output                          ;
+--------------------+-----------+---------------+----------------------+------------------------+------------+-----------------------------------------------------+
; 3:1                ; 5 bits    ; 10 LEs        ; 5 LEs                ; 5 LEs                  ; Yes        ; |UART_controller|UART_RX:UartRX|count_frame[0]      ;
; 5:1                ; 3 bits    ; 9 LEs         ; 3 LEs                ; 6 LEs                  ; Yes        ; |UART_controller|UART_RX:UartRX|bit_counter[2]      ;
; 5:1                ; 3 bits    ; 9 LEs         ; 3 LEs                ; 6 LEs                  ; Yes        ; |UART_controller|UART_TX:UartTx|baudrate_counter[1] ;
; 6:1                ; 4 bits    ; 16 LEs        ; 4 LEs                ; 12 LEs                 ; Yes        ; |UART_controller|UART_TX:UartTx|bit_counter[2]      ;
; 6:1                ; 3 bits    ; 12 LEs        ; 6 LEs                ; 6 LEs                  ; Yes        ; |UART_controller|UART_RX:UartRX|baudrate_counter[0] ;
; 5:1                ; 2 bits    ; 6 LEs         ; 4 LEs                ; 2 LEs                  ; No         ; |UART_controller|UART_RX:UartRX|Selector14          ;
; 7:1                ; 2 bits    ; 8 LEs         ; 4 LEs                ; 4 LEs                  ; No         ; |UART_controller|UART_TX:UartTx|Selector2           ;
; 8:1                ; 4 bits    ; 20 LEs        ; 12 LEs               ; 8 LEs                  ; No         ; |UART_controller|UART_RX:UartRX|Selector7           ;
+--------------------+-----------+---------------+----------------------+------------------------+------------+-----------------------------------------------------+


+-----------------------------------------------------------------------------------------------+
; Source assignments for RAM:Ram|altsyncram:altsyncram_component|altsyncram_g3p3:auto_generated ;
+---------------------------------+--------------------+------+---------------------------------+
; Assignment                      ; Value              ; From ; To                              ;
+---------------------------------+--------------------+------+---------------------------------+
; OPTIMIZE_POWER_DURING_SYNTHESIS ; NORMAL_COMPILATION ; -    ; -                               ;
+---------------------------------+--------------------+------+---------------------------------+


+-------------------------------------------------------------+
; Parameter Settings for User Entity Instance: UART_RX:UartRX ;
+----------------+-------+------------------------------------+
; Parameter Name ; Value ; Type                               ;
+----------------+-------+------------------------------------+
; system_speed   ; 4     ; Signed Integer                     ;
; baudrate       ; 1     ; Signed Integer                     ;
+----------------+-------+------------------------------------+
Note: In order to hide this table in the UI and the text report file, please set the "Show Parameter Settings in Synthesis Report" option in "Analysis and Synthesis Settings -> More Settings" to "Off".


+--------------------------------------------------------------------------------------+
; Parameter Settings for User Entity Instance: RAM:Ram|altsyncram:altsyncram_component ;
+------------------------------------+----------------------+--------------------------+
; Parameter Name                     ; Value                ; Type                     ;
+------------------------------------+----------------------+--------------------------+
; BYTE_SIZE_BLOCK                    ; 8                    ; Untyped                  ;
; AUTO_CARRY_CHAINS                  ; ON                   ; AUTO_CARRY               ;
; IGNORE_CARRY_BUFFERS               ; OFF                  ; IGNORE_CARRY             ;
; AUTO_CASCADE_CHAINS                ; ON                   ; AUTO_CASCADE             ;
; IGNORE_CASCADE_BUFFERS             ; OFF                  ; IGNORE_CASCADE           ;
; WIDTH_BYTEENA                      ; 1                    ; Untyped                  ;
; OPERATION_MODE                     ; SINGLE_PORT          ; Untyped                  ;
; WIDTH_A                            ; 8                    ; Signed Integer           ;
; WIDTHAD_A                          ; 3                    ; Signed Integer           ;
; NUMWORDS_A                         ; 8                    ; Signed Integer           ;
; OUTDATA_REG_A                      ; CLOCK0               ; Untyped                  ;
; ADDRESS_ACLR_A                     ; NONE                 ; Untyped                  ;
; OUTDATA_ACLR_A                     ; CLEAR0               ; Untyped                  ;
; WRCONTROL_ACLR_A                   ; NONE                 ; Untyped                  ;
; INDATA_ACLR_A                      ; NONE                 ; Untyped                  ;
; BYTEENA_ACLR_A                     ; NONE                 ; Untyped                  ;
; WIDTH_B                            ; 1                    ; Signed Integer           ;
; WIDTHAD_B                          ; 1                    ; Signed Integer           ;
; NUMWORDS_B                         ; 0                    ; Signed Integer           ;
; INDATA_REG_B                       ; CLOCK1               ; Untyped                  ;
; WRCONTROL_WRADDRESS_REG_B          ; CLOCK1               ; Untyped                  ;
; RDCONTROL_REG_B                    ; CLOCK1               ; Untyped                  ;
; ADDRESS_REG_B                      ; CLOCK1               ; Untyped                  ;
; OUTDATA_REG_B                      ; UNREGISTERED         ; Untyped                  ;
; BYTEENA_REG_B                      ; CLOCK1               ; Untyped                  ;
; INDATA_ACLR_B                      ; NONE                 ; Untyped                  ;
; WRCONTROL_ACLR_B                   ; NONE                 ; Untyped                  ;
; ADDRESS_ACLR_B                     ; NONE                 ; Untyped                  ;
; OUTDATA_ACLR_B                     ; NONE                 ; Untyped                  ;
; RDCONTROL_ACLR_B                   ; NONE                 ; Untyped                  ;
; BYTEENA_ACLR_B                     ; NONE                 ; Untyped                  ;
; WIDTH_BYTEENA_A                    ; 1                    ; Signed Integer           ;
; WIDTH_BYTEENA_B                    ; 1                    ; Signed Integer           ;
; RAM_BLOCK_TYPE                     ; AUTO                 ; Untyped                  ;
; BYTE_SIZE                          ; 8                    ; Signed Integer           ;
; READ_DURING_WRITE_MODE_MIXED_PORTS ; DONT_CARE            ; Untyped                  ;
; READ_DURING_WRITE_MODE_PORT_A      ; NEW_DATA_NO_NBE_READ ; Untyped                  ;
; READ_DURING_WRITE_MODE_PORT_B      ; NEW_DATA_NO_NBE_READ ; Untyped                  ;
; INIT_FILE                          ; UNUSED               ; Untyped                  ;
; INIT_FILE_LAYOUT                   ; PORT_A               ; Untyped                  ;
; MAXIMUM_DEPTH                      ; 0                    ; Signed Integer           ;
; CLOCK_ENABLE_INPUT_A               ; BYPASS               ; Untyped                  ;
; CLOCK_ENABLE_INPUT_B               ; NORMAL               ; Untyped                  ;
; CLOCK_ENABLE_OUTPUT_A              ; BYPASS               ; Untyped                  ;
; CLOCK_ENABLE_OUTPUT_B              ; NORMAL               ; Untyped                  ;
; CLOCK_ENABLE_CORE_A                ; USE_INPUT_CLKEN      ; Untyped                  ;
; CLOCK_ENABLE_CORE_B                ; USE_INPUT_CLKEN      ; Untyped                  ;
; ENABLE_ECC                         ; FALSE                ; Untyped                  ;
; ECC_PIPELINE_STAGE_ENABLED         ; FALSE                ; Untyped                  ;
; WIDTH_ECCSTATUS                    ; 3                    ; Signed Integer           ;
; DEVICE_FAMILY                      ; MAX 10               ; Untyped                  ;
; CBXI_PARAMETER                     ; altsyncram_g3p3      ; Untyped                  ;
+------------------------------------+----------------------+--------------------------+
Note: In order to hide this table in the UI and the text report file, please set the "Show Parameter Settings in Synthesis Report" option in "Analysis and Synthesis Settings -> More Settings" to "Off".


+-------------------------------------------------------------+
; Parameter Settings for User Entity Instance: UART_TX:UartTx ;
+----------------+-------+------------------------------------+
; Parameter Name ; Value ; Type                               ;
+----------------+-------+------------------------------------+
; system_speed   ; 4     ; Signed Integer                     ;
; baudrate       ; 1     ; Signed Integer                     ;
+----------------+-------+------------------------------------+
Note: In order to hide this table in the UI and the text report file, please set the "Show Parameter Settings in Synthesis Report" option in "Analysis and Synthesis Settings -> More Settings" to "Off".


+-------------------------------------------------------------------------------------+
; altsyncram Parameter Settings by Entity Instance                                    ;
+-------------------------------------------+-----------------------------------------+
; Name                                      ; Value                                   ;
+-------------------------------------------+-----------------------------------------+
; Number of entity instances                ; 1                                       ;
; Entity Instance                           ; RAM:Ram|altsyncram:altsyncram_component ;
;     -- OPERATION_MODE                     ; SINGLE_PORT                             ;
;     -- WIDTH_A                            ; 8                                       ;
;     -- NUMWORDS_A                         ; 8                                       ;
;     -- OUTDATA_REG_A                      ; CLOCK0                                  ;
;     -- WIDTH_B                            ; 1                                       ;
;     -- NUMWORDS_B                         ; 0                                       ;
;     -- ADDRESS_REG_B                      ; CLOCK1                                  ;
;     -- OUTDATA_REG_B                      ; UNREGISTERED                            ;
;     -- RAM_BLOCK_TYPE                     ; AUTO                                    ;
;     -- READ_DURING_WRITE_MODE_MIXED_PORTS ; DONT_CARE                               ;
+-------------------------------------------+-----------------------------------------+


+--------------------------------------------+
; Port Connectivity Checks: "UART_TX:UartTx" ;
+-------+-------+----------+-----------------+
; Port  ; Type  ; Severity ; Details         ;
+-------+-------+----------+-----------------+
; rst_i ; Input ; Info     ; Stuck at VCC    ;
+-------+-------+----------+-----------------+


+-------------------------------------------------------------------------------------------------------------------------+
; Port Connectivity Checks: "UART_RX:UartRX"                                                                              ;
+---------------+--------+----------+-------------------------------------------------------------------------------------+
; Port          ; Type   ; Severity ; Details                                                                             ;
+---------------+--------+----------+-------------------------------------------------------------------------------------+
; rst_i         ; Input  ; Info     ; Stuck at VCC                                                                        ;
; req_o         ; Output ; Info     ; Connected to dangling logic. Logic that only feeds a dangling port will be removed. ;
; sampling_rx   ; Output ; Info     ; Connected to dangling logic. Logic that only feeds a dangling port will be removed. ;
; ramaddr[7..3] ; Output ; Info     ; Connected to dangling logic. Logic that only feeds a dangling port will be removed. ;
+---------------+--------+----------+-------------------------------------------------------------------------------------+


+-----------------------------------------------------+
; Post-Synthesis Netlist Statistics for Top Partition ;
+-----------------------+-----------------------------+
; Type                  ; Count                       ;
+-----------------------+-----------------------------+
; boundary_port         ; 12                          ;
; cycloneiii_ff         ; 54                          ;
;     ENA               ; 23                          ;
;     ENA SLD           ; 5                           ;
;     plain             ; 26                          ;
; cycloneiii_lcell_comb ; 90                          ;
;     arith             ; 4                           ;
;         2 data inputs ; 4                           ;
;     normal            ; 86                          ;
;         0 data inputs ; 1                           ;
;         1 data inputs ; 1                           ;
;         2 data inputs ; 6                           ;
;         3 data inputs ; 21                          ;
;         4 data inputs ; 57                          ;
; cycloneiii_ram_block  ; 8                           ;
;                       ;                             ;
; Max LUT depth         ; 5.00                        ;
; Average LUT depth     ; 2.98                        ;
+-----------------------+-----------------------------+


+-------------------------------+
; Elapsed Time Per Partition    ;
+----------------+--------------+
; Partition Name ; Elapsed Time ;
+----------------+--------------+
; Top            ; 00:00:01     ;
+----------------+--------------+


+-------------------------------+
; Analysis & Synthesis Messages ;
+-------------------------------+
Info: *******************************************************************
Info: Running Quartus Prime Analysis & Synthesis
    Info: Version 20.1.1 Build 720 11/11/2020 SJ Lite Edition
    Info: Processing started: Fri Sep 08 08:52:39 2023
Info: Command: quartus_map --read_settings_files=on --write_settings_files=off UART_controller -c UART_controller
Warning (18236): Number of processors has not been specified which may cause overloading on shared machines.  Set the global assignment NUM_PARALLEL_PROCESSORS in your QSF to an appropriate value for best performance.
Info (20030): Parallel compilation is enabled and will use 4 of the 4 processors detected
Info (12021): Found 2 design units, including 1 entities, in source file uart_tx.vhd
    Info (12022): Found design unit 1: UART_TX-behave File: D:/all/3rdyear/term1/High level Design/VHDL_Code/UART_controller/UART_TX.vhd Line: 17
    Info (12023): Found entity 1: UART_TX File: D:/all/3rdyear/term1/High level Design/VHDL_Code/UART_controller/UART_TX.vhd Line: 5
Info (12021): Found 2 design units, including 1 entities, in source file uart_rx.vhd
    Info (12022): Found design unit 1: UART_RX-behave File: D:/all/3rdyear/term1/High level Design/VHDL_Code/UART_controller/UART_RX.vhd Line: 26
    Info (12023): Found entity 1: UART_RX File: D:/all/3rdyear/term1/High level Design/VHDL_Code/UART_controller/UART_RX.vhd Line: 5
Warning (12019): Can't analyze file -- file UART.vhd is missing
Info (12021): Found 2 design units, including 1 entities, in source file uart_controller.vhd
    Info (12022): Found design unit 1: UART_controller-structural File: D:/all/3rdyear/term1/High level Design/VHDL_Code/UART_controller/UART_controller.vhd Line: 15
    Info (12023): Found entity 1: UART_controller File: D:/all/3rdyear/term1/High level Design/VHDL_Code/UART_controller/UART_controller.vhd Line: 5
Info (12021): Found 2 design units, including 1 entities, in source file ram.vhd
    Info (12022): Found design unit 1: ram-SYN File: D:/all/3rdyear/term1/High level Design/VHDL_Code/UART_controller/RAM.vhd Line: 56
    Info (12023): Found entity 1: RAM File: D:/all/3rdyear/term1/High level Design/VHDL_Code/UART_controller/RAM.vhd Line: 43
Warning (12019): Can't analyze file -- file old.vhd is missing
Warning (12019): Can't analyze file -- file old2.vhd is missing
Info (12127): Elaborating entity "UART_controller" for the top level hierarchy
Warning (10540): VHDL Signal Declaration warning at UART_controller.vhd(18): used explicit default value for signal "rst" because signal was never assigned a value File: D:/all/3rdyear/term1/High level Design/VHDL_Code/UART_controller/UART_controller.vhd Line: 18
Warning (10036): Verilog HDL or VHDL warning at UART_controller.vhd(19): object "req" assigned a value but never read File: D:/all/3rdyear/term1/High level Design/VHDL_Code/UART_controller/UART_controller.vhd Line: 19
Warning (10036): Verilog HDL or VHDL warning at UART_controller.vhd(20): object "samp" assigned a value but never read File: D:/all/3rdyear/term1/High level Design/VHDL_Code/UART_controller/UART_controller.vhd Line: 20
Info (12129): Elaborating entity "UART_RX" using architecture "A:behave" for hierarchy "UART_RX:UartRX" File: D:/all/3rdyear/term1/High level Design/VHDL_Code/UART_controller/UART_controller.vhd Line: 40
Info (12129): Elaborating entity "RAM" using architecture "A:syn" for hierarchy "RAM:Ram" File: D:/all/3rdyear/term1/High level Design/VHDL_Code/UART_controller/UART_controller.vhd Line: 61
Info (12128): Elaborating entity "altsyncram" for hierarchy "RAM:Ram|altsyncram:altsyncram_component" File: D:/all/3rdyear/term1/High level Design/VHDL_Code/UART_controller/RAM.vhd Line: 63
Info (12130): Elaborated megafunction instantiation "RAM:Ram|altsyncram:altsyncram_component" File: D:/all/3rdyear/term1/High level Design/VHDL_Code/UART_controller/RAM.vhd Line: 63
Info (12133): Instantiated megafunction "RAM:Ram|altsyncram:altsyncram_component" with the following parameter: File: D:/all/3rdyear/term1/High level Design/VHDL_Code/UART_controller/RAM.vhd Line: 63
    Info (12134): Parameter "address_aclr_a" = "UNUSED"
    Info (12134): Parameter "address_aclr_b" = "NONE"
    Info (12134): Parameter "address_reg_b" = "CLOCK1"
    Info (12134): Parameter "byte_size" = "8"
    Info (12134): Parameter "byteena_aclr_a" = "UNUSED"
    Info (12134): Parameter "byteena_aclr_b" = "NONE"
    Info (12134): Parameter "byteena_reg_b" = "CLOCK1"
    Info (12134): Parameter "clock_enable_core_a" = "USE_INPUT_CLKEN"
    Info (12134): Parameter "clock_enable_core_b" = "USE_INPUT_CLKEN"
    Info (12134): Parameter "clock_enable_input_a" = "BYPASS"
    Info (12134): Parameter "clock_enable_input_b" = "NORMAL"
    Info (12134): Parameter "clock_enable_output_a" = "BYPASS"
    Info (12134): Parameter "clock_enable_output_b" = "NORMAL"
    Info (12134): Parameter "intended_device_family" = "MAX 10"
    Info (12134): Parameter "ecc_pipeline_stage_enabled" = "FALSE"
    Info (12134): Parameter "enable_ecc" = "FALSE"
    Info (12134): Parameter "implement_in_les" = "OFF"
    Info (12134): Parameter "indata_aclr_a" = "UNUSED"
    Info (12134): Parameter "indata_aclr_b" = "NONE"
    Info (12134): Parameter "indata_reg_b" = "CLOCK1"
    Info (12134): Parameter "init_file" = "UNUSED"
    Info (12134): Parameter "init_file_layout" = "PORT_A"
    Info (12134): Parameter "maximum_depth" = "0"
    Info (12134): Parameter "numwords_a" = "8"
    Info (12134): Parameter "numwords_b" = "0"
    Info (12134): Parameter "operation_mode" = "SINGLE_PORT"
    Info (12134): Parameter "outdata_aclr_a" = "CLEAR0"
    Info (12134): Parameter "outdata_aclr_b" = "NONE"
    Info (12134): Parameter "outdata_reg_a" = "CLOCK0"
    Info (12134): Parameter "outdata_reg_b" = "UNREGISTERED"
    Info (12134): Parameter "power_up_uninitialized" = "FALSE"
    Info (12134): Parameter "ram_block_type" = "AUTO"
    Info (12134): Parameter "rdcontrol_aclr_b" = "NONE"
    Info (12134): Parameter "rdcontrol_reg_b" = "CLOCK1"
    Info (12134): Parameter "read_during_write_mode_mixed_ports" = "DONT_CARE"
    Info (12134): Parameter "read_during_write_mode_port_a" = "NEW_DATA_NO_NBE_READ"
    Info (12134): Parameter "read_during_write_mode_port_b" = "NEW_DATA_NO_NBE_READ"
    Info (12134): Parameter "stratixiv_m144k_allow_dual_clocks" = "ON"
    Info (12134): Parameter "width_a" = "8"
    Info (12134): Parameter "width_b" = "1"
    Info (12134): Parameter "width_byteena_a" = "1"
    Info (12134): Parameter "width_byteena_b" = "1"
    Info (12134): Parameter "width_eccstatus" = "3"
    Info (12134): Parameter "widthad_a" = "3"
    Info (12134): Parameter "widthad_b" = "1"
    Info (12134): Parameter "wrcontrol_aclr_a" = "UNUSED"
    Info (12134): Parameter "wrcontrol_aclr_b" = "NONE"
    Info (12134): Parameter "wrcontrol_wraddress_reg_b" = "CLOCK1"
    Info (12134): Parameter "lpm_hint" = "ENABLE_RUNTIME_MOD=NO"
    Info (12134): Parameter "lpm_type" = "altsyncram"
Info (12021): Found 1 design units, including 1 entities, in source file db/altsyncram_g3p3.tdf
    Info (12023): Found entity 1: altsyncram_g3p3 File: D:/all/3rdyear/term1/High level Design/VHDL_Code/UART_controller/db/altsyncram_g3p3.tdf Line: 28
Info (12128): Elaborating entity "altsyncram_g3p3" for hierarchy "RAM:Ram|altsyncram:altsyncram_component|altsyncram_g3p3:auto_generated" File: d:/intelfpga_lite/20.1/quartus/libraries/megafunctions/altsyncram.tdf Line: 792
Info (12129): Elaborating entity "UART_TX" using architecture "A:behave" for hierarchy "UART_TX:UartTx" File: D:/all/3rdyear/term1/High level Design/VHDL_Code/UART_controller/UART_controller.vhd Line: 74
Warning (12069): Ignored assignment(s) for "test[0]" because "test" is not a bus or array File: D:/all/3rdyear/term1/High level Design/VHDL_Code/UART_controller/UART_controller.vhd Line: 10
Warning (12069): Ignored assignment(s) for "test[1]" because "test" is not a bus or array File: D:/all/3rdyear/term1/High level Design/VHDL_Code/UART_controller/UART_controller.vhd Line: 10
Warning (12069): Ignored assignment(s) for "test[2]" because "test" is not a bus or array File: D:/all/3rdyear/term1/High level Design/VHDL_Code/UART_controller/UART_controller.vhd Line: 10
Warning (12069): Ignored assignment(s) for "test[3]" because "test" is not a bus or array File: D:/all/3rdyear/term1/High level Design/VHDL_Code/UART_controller/UART_controller.vhd Line: 10
Warning (12069): Ignored assignment(s) for "test[4]" because "test" is not a bus or array File: D:/all/3rdyear/term1/High level Design/VHDL_Code/UART_controller/UART_controller.vhd Line: 10
Warning (12069): Ignored assignment(s) for "test[5]" because "test" is not a bus or array File: D:/all/3rdyear/term1/High level Design/VHDL_Code/UART_controller/UART_controller.vhd Line: 10
Warning (12069): Ignored assignment(s) for "test[6]" because "test" is not a bus or array File: D:/all/3rdyear/term1/High level Design/VHDL_Code/UART_controller/UART_controller.vhd Line: 10
Warning (12069): Ignored assignment(s) for "test[7]" because "test" is not a bus or array File: D:/all/3rdyear/term1/High level Design/VHDL_Code/UART_controller/UART_controller.vhd Line: 10
Info (286030): Timing-Driven Synthesis is running
Info (16010): Generating hard_block partition "hard_block:auto_generated_inst"
    Info (16011): Adding 0 node(s), including 0 DDIO, 0 PLL, 0 transceiver and 0 LCELL
Info (21057): Implemented 131 device resources after synthesis - the final resource count might be different
    Info (21058): Implemented 2 input pins
    Info (21059): Implemented 10 output pins
    Info (21061): Implemented 111 logic cells
    Info (21064): Implemented 8 RAM segments
Info: Quartus Prime Analysis & Synthesis was successful. 0 errors, 15 warnings
    Info: Peak virtual memory: 4801 megabytes
    Info: Processing ended: Fri Sep 08 08:52:54 2023
    Info: Elapsed time: 00:00:15
    Info: Total CPU time (on all processors): 00:00:22


